<?xml version="1.0" encoding="UTF-8"?>
<!-- Generated by org.testng.reporters.JUnitXMLReporter -->
<testsuite hostname="mominul-10662" ignored="13" name="Default test" tests="1" failures="0" timestamp="2021-08-28T17:35:59 BDT" time="37.793" errors="0">
  <testcase name="checkRateUpdate" time="24.261" classname="tests.TestCurrencyConversion"/>
  <testcase name="testBuySellFieldEmpty" time="0.0" classname="tests.TestCurrencyConversion">
    <ignored/>
  </testcase> <!-- testBuySellFieldEmpty -->
  <testcase name="checkcurrencyupdate" time="0.0" classname="tests.TestCurrencyConversion">
    <ignored/>
  </testcase> <!-- checkcurrencyupdate -->
  <testcase name="checkamountupdatetwithbuyinput" time="0.0" classname="tests.TestCurrencyConversion">
    <ignored/>
  </testcase> <!-- checkamountupdatetwithbuyinput -->
  <testcase name="checklosscalculation" time="0.0" classname="tests.TestCurrencyConversion">
    <ignored/>
  </testcase> <!-- checklosscalculation -->
  <testcase name="checkamountupdatetwithsellinput" time="0.0" classname="tests.TestCurrencyConversion">
    <ignored/>
  </testcase> <!-- checkamountupdatetwithsellinput -->
  <testcase name="checklossexistance" time="0.0" classname="tests.TestCurrencyConversion">
    <ignored/>
  </testcase> <!-- checklossexistance -->
  <testcase name="checkrateupdateforsamecurrency" time="0.0" classname="tests.TestCurrencyConversion">
    <ignored/>
  </testcase> <!-- checkrateupdateforsamecurrency -->
  <testcase name="checkrateupdatefordiffcurrency" time="0.0" classname="tests.TestCurrencyConversion">
    <ignored/>
  </testcase> <!-- checkrateupdatefordiffcurrency -->
  <testcase name="checkcurrencyresetbasedoncountry" time="0.0" classname="tests.TestCurrencyConversion">
    <ignored/>
  </testcase> <!-- checkcurrencyresetbasedoncountry -->
  <testcase name="checkratestupdatewithbuyinput" time="0.0" classname="tests.TestCurrencyConversion">
    <ignored/>
  </testcase> <!-- checkratestupdatewithbuyinput -->
  <testcase name="checkclearfilterbutton" time="0.0" classname="tests.TestCurrencyConversion">
    <ignored/>
  </testcase> <!-- checkclearfilterbutton -->
  <testcase name="checkcurrencybuttonsvalue" time="0.0" classname="tests.TestCurrencyConversion">
    <ignored/>
  </testcase> <!-- checkcurrencybuttonsvalue -->
  <testcase name="checkrateupdatewithsellinput" time="0.0" classname="tests.TestCurrencyConversion">
    <ignored/>
  </testcase> <!-- checkrateupdatewithsellinput -->
</testsuite> <!-- Default test -->
