<?xml version="1.0" encoding="UTF-8"?>
<!-- Generated by org.testng.reporters.JUnitXMLReporter -->
<testsuite hostname="mominul-10662" ignored="0" name="Default test" tests="14" failures="0" timestamp="2021-08-30T04:12:53 BDT" time="340.918" errors="0">
  <testcase name="testBuySellFieldEmpty" time="14.17" classname="tests.TestCurrencyConversion"/>
  <testcase name="checkcurrencyupdate" time="23.926" classname="tests.TestCurrencyConversion"/>
  <testcase name="checkrateupdateforsamecurrency" time="17.781" classname="tests.TestCurrencyConversion"/>
  <testcase name="checkrateupdatefordiffcurrency" time="16.895" classname="tests.TestCurrencyConversion"/>
  <testcase name="checklossexistance" time="59.687" classname="tests.TestCurrencyConversion"/>
  <testcase name="checklosscalculation" time="8.751" classname="tests.TestCurrencyConversion"/>
  <testcase name="checkRateUpdate" time="15.658" classname="tests.TestCurrencyConversion"/>
  <testcase name="checkamountupdatetwithsellinput" time="21.77" classname="tests.TestCurrencyConversion"/>
  <testcase name="checkamountupdatetwithbuyinput" time="31.285" classname="tests.TestCurrencyConversion"/>
  <testcase name="checkrateupdatewithsellinput" time="20.665" classname="tests.TestCurrencyConversion"/>
  <testcase name="checkratestupdatewithbuyinput" time="24.838" classname="tests.TestCurrencyConversion"/>
  <testcase name="checkclearfilterbutton" time="19.115" classname="tests.TestCurrencyConversion"/>
  <testcase name="checkcurrencybuttonsvalue" time="13.362" classname="tests.TestCurrencyConversion"/>
  <testcase name="checkcurrencyresetbasedoncountry" time="27.302" classname="tests.TestCurrencyConversion"/>
</testsuite> <!-- Default test -->
